<?xml version="1.0" encoding="UTF-8"?>
<!-- Generated by org.testng.reporters.JUnitReportReporter -->
<testsuite hostname="HP0440" failures="0" tests="1" name="ThreadPackage.CallingThreadClass" time="0.012" errors="0" timestamp="2023-10-11T17:27:59 IST" skipped="0">
  <testcase classname="ThreadPackage.CallingThreadClass" name="threadRun" time="0.012"/>
  <system-out/>
</testsuite> <!-- ThreadPackage.CallingThreadClass -->
