<?xml version="1.0" encoding="UTF-8"?>
<!-- Generated by org.testng.reporters.JUnitReportReporter -->
<testsuite hostname="HP0440" failures="0" tests="1" name="OrderPackage.Pract" time="13.354" errors="0" timestamp="2023-09-29T16:50:52 IST" skipped="0">
  <testcase classname="OrderPackage.Pract" name="dd" time="13.354"/>
  <system-out/>
</testsuite> <!-- OrderPackage.Pract -->
