<?xml version="1.0" encoding="UTF-8"?>
<!-- Generated by org.testng.reporters.JUnitReportReporter -->
<testsuite hostname="HP0440" failures="0" tests="1" name="OrderPackage.OrderForm" time="27.134" errors="0" timestamp="2023-09-29T11:24:01 IST" skipped="0">
  <testcase classname="OrderPackage.OrderForm" name="mahFunc" time="27.134"/>
  <system-out/>
</testsuite> <!-- OrderPackage.OrderForm -->
